{"D:\\ReactNative\\project\\Design-Playground\\Design-Playground\\src\\components\\AIAssistant.tsx": {"path":"D:\\ReactNative\\project\\Design-Playground\\Design-Playground\\src\\components\\AIAssistant.tsx","statementMap":{"0":{"start":{"line":12,"column":20},"end":{"line":12,"column":30}},"1":{"start":{"line":13,"column":40},"end":{"line":13,"column":62}},"2":{"start":{"line":14,"column":38},"end":{"line":14,"column":53}},"3":{"start":{"line":15,"column":20},"end":{"line":15,"column":57}},"4":{"start":{"line":17,"column":2},"end":{"line":47,"column":27}},"5":{"start":{"line":18,"column":4},"end":{"line":46,"column":5}},"6":{"start":{"line":20,"column":6},"end":{"line":20,"column":26}},"7":{"start":{"line":21,"column":6},"end":{"line":31,"column":15}},"8":{"start":{"line":22,"column":30},"end":{"line":28,"column":9}},"9":{"start":{"line":29,"column":8},"end":{"line":29,"column":38}},"10":{"start":{"line":30,"column":8},"end":{"line":30,"column":29}},"11":{"start":{"line":33,"column":6},"end":{"line":38,"column":17}},"12":{"start":{"line":40,"column":6},"end":{"line":45,"column":17}},"13":{"start":{"line":49,"column":27},"end":{"line":52,"column":29}},"14":{"start":{"line":50,"column":4},"end":{"line":50,"column":29}},"15":{"start":{"line":51,"column":4},"end":{"line":51,"column":14}},"16":{"start":{"line":54,"column":2},"end":{"line":54,"column":28}},"17":{"start":{"line":54,"column":16},"end":{"line":54,"column":28}},"18":{"start":{"line":56,"column":2},"end":{"line":109,"column":4}},"19":{"start":{"line":90,"column":14},"end":{"line":103,"column":21}},"20":{"start":{"line":99,"column":33},"end":{"line":99,"column":61}},"21":{"start":{"line":112,"column":15},"end":{"line":176,"column":2}}},"fnMap":{"0":{"name":"AIAssistant","decl":{"start":{"line":11,"column":16},"end":{"line":11,"column":27}},"loc":{"start":{"line":11,"column":82},"end":{"line":110,"column":1}},"line":11},"1":{"name":"(anonymous_1)","decl":{"start":{"line":17,"column":12},"end":{"line":17,"column":13}},"loc":{"start":{"line":17,"column":18},"end":{"line":47,"column":3}},"line":17},"2":{"name":"(anonymous_2)","decl":{"start":{"line":21,"column":17},"end":{"line":21,"column":18}},"loc":{"start":{"line":21,"column":23},"end":{"line":31,"column":7}},"line":21},"3":{"name":"(anonymous_3)","decl":{"start":{"line":49,"column":39},"end":{"line":49,"column":40}},"loc":{"start":{"line":49,"column":63},"end":{"line":52,"column":3}},"line":49},"4":{"name":"(anonymous_4)","decl":{"start":{"line":89,"column":29},"end":{"line":89,"column":30}},"loc":{"start":{"line":90,"column":14},"end":{"line":103,"column":21}},"line":90},"5":{"name":"(anonymous_5)","decl":{"start":{"line":99,"column":27},"end":{"line":99,"column":28}},"loc":{"start":{"line":99,"column":33},"end":{"line":99,"column":61}},"line":99}},"branchMap":{"0":{"loc":{"start":{"line":18,"column":4},"end":{"line":46,"column":5}},"type":"if","locations":[{"start":{"line":18,"column":4},"end":{"line":46,"column":5}},{"start":{"line":39,"column":11},"end":{"line":46,"column":5}}],"line":18},"1":{"loc":{"start":{"line":54,"column":2},"end":{"line":54,"column":28}},"type":"if","locations":[{"start":{"line":54,"column":2},"end":{"line":54,"column":28}},{"start":{},"end":{}}],"line":54},"2":{"loc":{"start":{"line":76,"column":9},"end":{"line":106,"column":9}},"type":"cond-expr","locations":[{"start":{"line":77,"column":10},"end":{"line":86,"column":17}},{"start":{"line":88,"column":10},"end":{"line":105,"column":17}}],"line":76}},"s":{"0":0,"1":0,"2":0,"3":0,"4":0,"5":0,"6":0,"7":0,"8":0,"9":0,"10":0,"11":0,"12":0,"13":0,"14":0,"15":0,"16":0,"17":0,"18":0,"19":0,"20":0,"21":0},"f":{"0":0,"1":0,"2":0,"3":0,"4":0,"5":0},"b":{"0":[0,0],"1":[0,0],"2":[0,0]}}
,"D:\\ReactNative\\project\\Design-Playground\\Design-Playground\\src\\components\\ARPreview.tsx": {"path":"D:\\ReactNative\\project\\Design-Playground\\Design-Playground\\src\\components\\ARPreview.tsx","statementMap":{"0":{"start":{"line":11,"column":20},"end":{"line":11,"column":30}},"1":{"start":{"line":12,"column":44},"end":{"line":12,"column":59}},"2":{"start":{"line":13,"column":36},"end":{"line":13,"column":55}},"3":{"start":{"line":14,"column":23},"end":{"line":14,"column":60}},"4":{"start":{"line":15,"column":20},"end":{"line":15,"column":57}},"5":{"start":{"line":17,"column":2},"end":{"line":37,"column":16}},"6":{"start":{"line":19,"column":27},"end":{"line":31,"column":5}},"7":{"start":{"line":20,"column":24},"end":{"line":20,"column":41}},"8":{"start":{"line":21,"column":6},"end":{"line":21,"column":34}},"9":{"start":{"line":23,"column":6},"end":{"line":30,"column":7}},"10":{"start":{"line":25,"column":8},"end":{"line":29,"column":11}},"11":{"start":{"line":33,"column":4},"end":{"line":36,"column":5}},"12":{"start":{"line":34,"column":6},"end":{"line":34,"column":23}},"13":{"start":{"line":35,"column":6},"end":{"line":35,"column":23}},"14":{"start":{"line":39,"column":25},"end":{"line":64,"column":3}},"15":{"start":{"line":41,"column":4},"end":{"line":47,"column":14}},"16":{"start":{"line":50,"column":4},"end":{"line":63,"column":14}},"17":{"start":{"line":66,"column":2},"end":{"line":66,"column":28}},"18":{"start":{"line":66,"column":16},"end":{"line":66,"column":28}},"19":{"start":{"line":68,"column":2},"end":{"line":143,"column":4}},"20":{"start":{"line":93,"column":14},"end":{"line":112,"column":30}},"21":{"start":{"line":146,"column":15},"end":{"line":248,"column":2}}},"fnMap":{"0":{"name":"ARPreview","decl":{"start":{"line":10,"column":16},"end":{"line":10,"column":25}},"loc":{"start":{"line":10,"column":64},"end":{"line":144,"column":1}},"line":10},"1":{"name":"(anonymous_1)","decl":{"start":{"line":17,"column":12},"end":{"line":17,"column":13}},"loc":{"start":{"line":17,"column":18},"end":{"line":37,"column":3}},"line":17},"2":{"name":"(anonymous_2)","decl":{"start":{"line":19,"column":27},"end":{"line":19,"column":28}},"loc":{"start":{"line":19,"column":39},"end":{"line":31,"column":5}},"line":19},"3":{"name":"(anonymous_3)","decl":{"start":{"line":39,"column":25},"end":{"line":39,"column":26}},"loc":{"start":{"line":39,"column":31},"end":{"line":64,"column":3}},"line":39},"4":{"name":"(anonymous_4)","decl":{"start":{"line":92,"column":27},"end":{"line":92,"column":28}},"loc":{"start":{"line":93,"column":14},"end":{"line":112,"column":30}},"line":93}},"branchMap":{"0":{"loc":{"start":{"line":23,"column":6},"end":{"line":30,"column":7}},"type":"if","locations":[{"start":{"line":23,"column":6},"end":{"line":30,"column":7}},{"start":{},"end":{}}],"line":23},"1":{"loc":{"start":{"line":33,"column":4},"end":{"line":36,"column":5}},"type":"if","locations":[{"start":{"line":33,"column":4},"end":{"line":36,"column":5}},{"start":{},"end":{}}],"line":33},"2":{"loc":{"start":{"line":66,"column":2},"end":{"line":66,"column":28}},"type":"if","locations":[{"start":{"line":66,"column":2},"end":{"line":66,"column":28}},{"start":{},"end":{}}],"line":66},"3":{"loc":{"start":{"line":79,"column":7},"end":{"line":141,"column":7}},"type":"cond-expr","locations":[{"start":{"line":80,"column":8},"end":{"line":87,"column":15}},{"start":{"line":89,"column":8},"end":{"line":140,"column":15}}],"line":79}},"s":{"0":0,"1":0,"2":0,"3":0,"4":0,"5":0,"6":0,"7":0,"8":0,"9":0,"10":0,"11":0,"12":0,"13":0,"14":0,"15":0,"16":0,"17":0,"18":0,"19":0,"20":0,"21":0},"f":{"0":0,"1":0,"2":0,"3":0,"4":0},"b":{"0":[0,0],"1":[0,0],"2":[0,0],"3":[0,0]}}
,"D:\\ReactNative\\project\\Design-Playground\\Design-Playground\\src\\components\\Avatar.tsx": {"path":"D:\\ReactNative\\project\\Design-Playground\\Design-Playground\\src\\components\\Avatar.tsx","statementMap":{"0":{"start":{"line":14,"column":16},"end":{"line":20,"column":1}},"1":{"start":{"line":22,"column":20},"end":{"line":28,"column":1}},"2":{"start":{"line":31,"column":20},"end":{"line":31,"column":30}},"3":{"start":{"line":32,"column":14},"end":{"line":32,"column":27}},"4":{"start":{"line":33,"column":19},"end":{"line":33,"column":36}},"5":{"start":{"line":34,"column":13},"end":{"line":34,"column":48}},"6":{"start":{"line":36,"column":2},"end":{"line":60,"column":4}},"7":{"start":{"line":64,"column":16},"end":{"line":64,"column":40}},"8":{"start":{"line":65,"column":2},"end":{"line":65,"column":56}},"9":{"start":{"line":65,"column":45},"end":{"line":65,"column":56}},"10":{"start":{"line":66,"column":2},"end":{"line":66,"column":66}},"11":{"start":{"line":66,"column":26},"end":{"line":66,"column":66}},"12":{"start":{"line":67,"column":2},"end":{"line":67,"column":80}},"13":{"start":{"line":70,"column":15},"end":{"line":79,"column":2}}},"fnMap":{"0":{"name":"Avatar","decl":{"start":{"line":30,"column":16},"end":{"line":30,"column":22}},"loc":{"start":{"line":30,"column":71},"end":{"line":61,"column":1}},"line":30},"1":{"name":"getInitials","decl":{"start":{"line":63,"column":9},"end":{"line":63,"column":20}},"loc":{"start":{"line":63,"column":43},"end":{"line":68,"column":1}},"line":63}},"branchMap":{"0":{"loc":{"start":{"line":30,"column":25},"end":{"line":30,"column":34}},"type":"default-arg","locations":[{"start":{"line":30,"column":32},"end":{"line":30,"column":34}}],"line":30},"1":{"loc":{"start":{"line":30,"column":36},"end":{"line":30,"column":47}},"type":"default-arg","locations":[{"start":{"line":30,"column":43},"end":{"line":30,"column":47}}],"line":30},"2":{"loc":{"start":{"line":34,"column":13},"end":{"line":34,"column":48}},"type":"binary-expr","locations":[{"start":{"line":34,"column":13},"end":{"line":34,"column":18}},{"start":{"line":34,"column":22},"end":{"line":34,"column":48}}],"line":34},"3":{"loc":{"start":{"line":48,"column":26},"end":{"line":48,"column":42}},"type":"binary-expr","locations":[{"start":{"line":48,"column":26},"end":{"line":48,"column":30}},{"start":{"line":48,"column":34},"end":{"line":48,"column":42}}],"line":48},"4":{"loc":{"start":{"line":65,"column":2},"end":{"line":65,"column":56}},"type":"if","locations":[{"start":{"line":65,"column":2},"end":{"line":65,"column":56}},{"start":{},"end":{}}],"line":65},"5":{"loc":{"start":{"line":65,"column":6},"end":{"line":65,"column":43}},"type":"binary-expr","locations":[{"start":{"line":65,"column":6},"end":{"line":65,"column":24}},{"start":{"line":65,"column":28},"end":{"line":65,"column":43}}],"line":65},"6":{"loc":{"start":{"line":66,"column":2},"end":{"line":66,"column":66}},"type":"if","locations":[{"start":{"line":66,"column":2},"end":{"line":66,"column":66}},{"start":{},"end":{}}],"line":66}},"s":{"0":0,"1":0,"2":0,"3":0,"4":0,"5":0,"6":0,"7":0,"8":0,"9":0,"10":0,"11":0,"12":0,"13":0},"f":{"0":0,"1":0},"b":{"0":[0],"1":[0],"2":[0,0],"3":[0,0],"4":[0,0],"5":[0,0],"6":[0,0]}}
,"D:\\ReactNative\\project\\Design-Playground\\Design-Playground\\src\\components\\Badge.tsx": {"path":"D:\\ReactNative\\project\\Design-Playground\\Design-Playground\\src\\components\\Badge.tsx","statementMap":{"0":{"start":{"line":17,"column":20},"end":{"line":17,"column":30}},"1":{"start":{"line":18,"column":23},"end":{"line":18,"column":61}},"2":{"start":{"line":20,"column":2},"end":{"line":42,"column":4}},"3":{"start":{"line":49,"column":2},"end":{"line":62,"column":3}},"4":{"start":{"line":51,"column":6},"end":{"line":51,"column":77}},"5":{"start":{"line":53,"column":6},"end":{"line":53,"column":77}},"6":{"start":{"line":55,"column":6},"end":{"line":55,"column":73}},"7":{"start":{"line":57,"column":6},"end":{"line":57,"column":71}},"8":{"start":{"line":59,"column":6},"end":{"line":59,"column":75}},"9":{"start":{"line":61,"column":6},"end":{"line":61,"column":77}},"10":{"start":{"line":65,"column":15},"end":{"line":96,"column":2}}},"fnMap":{"0":{"name":"Badge","decl":{"start":{"line":16,"column":16},"end":{"line":16,"column":21}},"loc":{"start":{"line":16,"column":92},"end":{"line":43,"column":1}},"line":16},"1":{"name":"getVariantStyle","decl":{"start":{"line":45,"column":9},"end":{"line":45,"column":24}},"loc":{"start":{"line":48,"column":2},"end":{"line":63,"column":1}},"line":48}},"branchMap":{"0":{"loc":{"start":{"line":16,"column":31},"end":{"line":16,"column":50}},"type":"default-arg","locations":[{"start":{"line":16,"column":41},"end":{"line":16,"column":50}}],"line":16},"1":{"loc":{"start":{"line":16,"column":52},"end":{"line":16,"column":63}},"type":"default-arg","locations":[{"start":{"line":16,"column":59},"end":{"line":16,"column":63}}],"line":16},"2":{"loc":{"start":{"line":16,"column":65},"end":{"line":16,"column":76}},"type":"default-arg","locations":[{"start":{"line":16,"column":71},"end":{"line":16,"column":76}}],"line":16},"3":{"loc":{"start":{"line":24,"column":8},"end":{"line":24,"column":45}},"type":"cond-expr","locations":[{"start":{"line":24,"column":24},"end":{"line":24,"column":33}},{"start":{"line":24,"column":36},"end":{"line":24,"column":45}}],"line":24},"4":{"loc":{"start":{"line":28,"column":7},"end":{"line":30,"column":7}},"type":"binary-expr","locations":[{"start":{"line":28,"column":7},"end":{"line":28,"column":10}},{"start":{"line":29,"column":8},"end":{"line":29,"column":77}}],"line":28},"5":{"loc":{"start":{"line":34,"column":10},"end":{"line":34,"column":57}},"type":"cond-expr","locations":[{"start":{"line":34,"column":26},"end":{"line":34,"column":40}},{"start":{"line":34,"column":43},"end":{"line":34,"column":57}}],"line":34},"6":{"loc":{"start":{"line":49,"column":2},"end":{"line":62,"column":3}},"type":"switch","locations":[{"start":{"line":50,"column":4},"end":{"line":51,"column":77}},{"start":{"line":52,"column":4},"end":{"line":53,"column":77}},{"start":{"line":54,"column":4},"end":{"line":55,"column":73}},{"start":{"line":56,"column":4},"end":{"line":57,"column":71}},{"start":{"line":58,"column":4},"end":{"line":59,"column":75}},{"start":{"line":60,"column":4},"end":{"line":61,"column":77}}],"line":49}},"s":{"0":0,"1":0,"2":0,"3":0,"4":0,"5":0,"6":0,"7":0,"8":0,"9":0,"10":0},"f":{"0":0,"1":0},"b":{"0":[0],"1":[0],"2":[0],"3":[0,0],"4":[0,0],"5":[0,0],"6":[0,0,0,0,0,0]}}
,"D:\\ReactNative\\project\\Design-Playground\\Design-Playground\\src\\components\\Button.tsx": {"path":"D:\\ReactNative\\project\\Design-Playground\\Design-Playground\\src\\components\\Button.tsx","statementMap":{"0":{"start":{"line":34,"column":26},"end":{"line":34,"column":69}},"1":{"start":{"line":36,"column":22},"end":{"line":116,"column":1}},"2":{"start":{"line":52,"column":22},"end":{"line":52,"column":32}},"3":{"start":{"line":53,"column":18},"end":{"line":53,"column":35}},"4":{"start":{"line":55,"column":26},"end":{"line":57,"column":7}},"5":{"start":{"line":55,"column":50},"end":{"line":57,"column":5}},"6":{"start":{"line":59,"column":26},"end":{"line":61,"column":10}},"7":{"start":{"line":60,"column":6},"end":{"line":60,"column":52}},"8":{"start":{"line":63,"column":27},"end":{"line":65,"column":10}},"9":{"start":{"line":64,"column":6},"end":{"line":64,"column":49}},"10":{"start":{"line":67,"column":24},"end":{"line":72,"column":36}},"11":{"start":{"line":68,"column":6},"end":{"line":71,"column":7}},"12":{"start":{"line":69,"column":8},"end":{"line":69,"column":63}},"13":{"start":{"line":70,"column":8},"end":{"line":70,"column":20}},"14":{"start":{"line":74,"column":23},"end":{"line":74,"column":42}},"15":{"start":{"line":75,"column":26},"end":{"line":75,"column":75}},"16":{"start":{"line":77,"column":4},"end":{"line":114,"column":6}},"17":{"start":{"line":118,"column":0},"end":{"line":118,"column":30}},"18":{"start":{"line":121,"column":14},"end":{"line":134,"column":3}},"19":{"start":{"line":135,"column":2},"end":{"line":135,"column":19}},"20":{"start":{"line":143,"column":18},"end":{"line":143,"column":37}},"21":{"start":{"line":144,"column":14},"end":{"line":179,"column":3}},"22":{"start":{"line":180,"column":2},"end":{"line":180,"column":22}},"23":{"start":{"line":183,"column":15},"end":{"line":201,"column":2}}},"fnMap":{"0":{"name":"(anonymous_0)","decl":{"start":{"line":37,"column":2},"end":{"line":37,"column":3}},"loc":{"start":{"line":51,"column":7},"end":{"line":115,"column":3}},"line":51},"1":{"name":"(anonymous_1)","decl":{"start":{"line":55,"column":43},"end":{"line":55,"column":44}},"loc":{"start":{"line":55,"column":50},"end":{"line":57,"column":5}},"line":55},"2":{"name":"(anonymous_2)","decl":{"start":{"line":59,"column":38},"end":{"line":59,"column":39}},"loc":{"start":{"line":59,"column":44},"end":{"line":61,"column":5}},"line":59},"3":{"name":"(anonymous_3)","decl":{"start":{"line":63,"column":39},"end":{"line":63,"column":40}},"loc":{"start":{"line":63,"column":45},"end":{"line":65,"column":5}},"line":63},"4":{"name":"(anonymous_4)","decl":{"start":{"line":67,"column":36},"end":{"line":67,"column":37}},"loc":{"start":{"line":67,"column":42},"end":{"line":72,"column":5}},"line":67},"5":{"name":"getSizeStyles","decl":{"start":{"line":120,"column":9},"end":{"line":120,"column":22}},"loc":{"start":{"line":120,"column":41},"end":{"line":136,"column":1}},"line":120},"6":{"name":"getVariantStyles","decl":{"start":{"line":138,"column":9},"end":{"line":138,"column":25}},"loc":{"start":{"line":142,"column":2},"end":{"line":181,"column":1}},"line":142}},"branchMap":{"0":{"loc":{"start":{"line":39,"column":6},"end":{"line":39,"column":23}},"type":"default-arg","locations":[{"start":{"line":39,"column":16},"end":{"line":39,"column":23}}],"line":39},"1":{"loc":{"start":{"line":40,"column":6},"end":{"line":40,"column":17}},"type":"default-arg","locations":[{"start":{"line":40,"column":13},"end":{"line":40,"column":17}}],"line":40},"2":{"loc":{"start":{"line":41,"column":6},"end":{"line":41,"column":22}},"type":"default-arg","locations":[{"start":{"line":41,"column":17},"end":{"line":41,"column":22}}],"line":41},"3":{"loc":{"start":{"line":42,"column":6},"end":{"line":42,"column":21}},"type":"default-arg","locations":[{"start":{"line":42,"column":16},"end":{"line":42,"column":21}}],"line":42},"4":{"loc":{"start":{"line":45,"column":6},"end":{"line":45,"column":23}},"type":"default-arg","locations":[{"start":{"line":45,"column":18},"end":{"line":45,"column":23}}],"line":45},"5":{"loc":{"start":{"line":68,"column":6},"end":{"line":71,"column":7}},"type":"if","locations":[{"start":{"line":68,"column":6},"end":{"line":71,"column":7}},{"start":{},"end":{}}],"line":68},"6":{"loc":{"start":{"line":68,"column":10},"end":{"line":68,"column":31}},"type":"binary-expr","locations":[{"start":{"line":68,"column":10},"end":{"line":68,"column":19}},{"start":{"line":68,"column":23},"end":{"line":68,"column":31}}],"line":68},"7":{"loc":{"start":{"line":83,"column":18},"end":{"line":83,"column":37}},"type":"binary-expr","locations":[{"start":{"line":83,"column":18},"end":{"line":83,"column":26}},{"start":{"line":83,"column":30},"end":{"line":83,"column":37}}],"line":83},"8":{"loc":{"start":{"line":86,"column":28},"end":{"line":86,"column":55}},"type":"binary-expr","locations":[{"start":{"line":86,"column":28},"end":{"line":86,"column":46}},{"start":{"line":86,"column":50},"end":{"line":86,"column":55}}],"line":86},"9":{"loc":{"start":{"line":87,"column":40},"end":{"line":87,"column":59}},"type":"binary-expr","locations":[{"start":{"line":87,"column":40},"end":{"line":87,"column":48}},{"start":{"line":87,"column":52},"end":{"line":87,"column":59}}],"line":87},"10":{"loc":{"start":{"line":92,"column":10},"end":{"line":92,"column":39}},"type":"binary-expr","locations":[{"start":{"line":92,"column":10},"end":{"line":92,"column":19}},{"start":{"line":92,"column":23},"end":{"line":92,"column":39}}],"line":92},"11":{"loc":{"start":{"line":97,"column":9},"end":{"line":112,"column":9}},"type":"cond-expr","locations":[{"start":{"line":98,"column":10},"end":{"line":101,"column":12}},{"start":{"line":103,"column":10},"end":{"line":111,"column":13}}],"line":97},"12":{"loc":{"start":{"line":104,"column":13},"end":{"line":104,"column":67}},"type":"binary-expr","locations":[{"start":{"line":104,"column":13},"end":{"line":104,"column":17}},{"start":{"line":104,"column":21},"end":{"line":104,"column":67}}],"line":104},"13":{"loc":{"start":{"line":143,"column":18},"end":{"line":143,"column":37}},"type":"cond-expr","locations":[{"start":{"line":143,"column":29},"end":{"line":143,"column":33}},{"start":{"line":143,"column":36},"end":{"line":143,"column":37}}],"line":143}},"s":{"0":0,"1":0,"2":0,"3":0,"4":0,"5":0,"6":0,"7":0,"8":0,"9":0,"10":0,"11":0,"12":0,"13":0,"14":0,"15":0,"16":0,"17":0,"18":0,"19":0,"20":0,"21":0,"22":0,"23":0},"f":{"0":0,"1":0,"2":0,"3":0,"4":0,"5":0,"6":0},"b":{"0":[0],"1":[0],"2":[0],"3":[0],"4":[0],"5":[0,0],"6":[0,0],"7":[0,0],"8":[0,0],"9":[0,0],"10":[0,0],"11":[0,0],"12":[0,0],"13":[0,0]}}
,"D:\\ReactNative\\project\\Design-Playground\\Design-Playground\\src\\components\\Card.tsx": {"path":"D:\\ReactNative\\project\\Design-Playground\\Design-Playground\\src\\components\\Card.tsx","statementMap":{"0":{"start":{"line":21,"column":20},"end":{"line":86,"column":1}},"1":{"start":{"line":40,"column":22},"end":{"line":40,"column":32}},"2":{"start":{"line":41,"column":25},"end":{"line":41,"column":56}},"3":{"start":{"line":42,"column":22},"end":{"line":42,"column":40}},"4":{"start":{"line":44,"column":4},"end":{"line":84,"column":6}},"5":{"start":{"line":88,"column":0},"end":{"line":88,"column":26}},"6":{"start":{"line":91,"column":2},"end":{"line":104,"column":3}},"7":{"start":{"line":93,"column":6},"end":{"line":95,"column":8}},"8":{"start":{"line":97,"column":6},"end":{"line":99,"column":8}},"9":{"start":{"line":101,"column":6},"end":{"line":103,"column":8}},"10":{"start":{"line":108,"column":2},"end":{"line":129,"column":3}},"11":{"start":{"line":110,"column":6},"end":{"line":113,"column":8}},"12":{"start":{"line":115,"column":6},"end":{"line":119,"column":8}},"13":{"start":{"line":121,"column":6},"end":{"line":123,"column":8}},"14":{"start":{"line":125,"column":6},"end":{"line":128,"column":8}},"15":{"start":{"line":132,"column":15},"end":{"line":156,"column":2}}},"fnMap":{"0":{"name":"(anonymous_0)","decl":{"start":{"line":22,"column":2},"end":{"line":22,"column":3}},"loc":{"start":{"line":39,"column":7},"end":{"line":85,"column":3}},"line":39},"1":{"name":"getSizeStyle","decl":{"start":{"line":90,"column":9},"end":{"line":90,"column":21}},"loc":{"start":{"line":90,"column":38},"end":{"line":105,"column":1}},"line":90},"2":{"name":"getVariantStyle","decl":{"start":{"line":107,"column":9},"end":{"line":107,"column":24}},"loc":{"start":{"line":107,"column":92},"end":{"line":130,"column":1}},"line":107}},"branchMap":{"0":{"loc":{"start":{"line":24,"column":6},"end":{"line":24,"column":25}},"type":"default-arg","locations":[{"start":{"line":24,"column":16},"end":{"line":24,"column":25}}],"line":24},"1":{"loc":{"start":{"line":25,"column":6},"end":{"line":25,"column":17}},"type":"default-arg","locations":[{"start":{"line":25,"column":13},"end":{"line":25,"column":17}}],"line":25},"2":{"loc":{"start":{"line":26,"column":6},"end":{"line":26,"column":22}},"type":"default-arg","locations":[{"start":{"line":26,"column":17},"end":{"line":26,"column":22}}],"line":26},"3":{"loc":{"start":{"line":32,"column":6},"end":{"line":32,"column":23}},"type":"default-arg","locations":[{"start":{"line":32,"column":18},"end":{"line":32,"column":23}}],"line":32},"4":{"loc":{"start":{"line":51,"column":10},"end":{"line":51,"column":38}},"type":"binary-expr","locations":[{"start":{"line":51,"column":10},"end":{"line":51,"column":20}},{"start":{"line":51,"column":24},"end":{"line":51,"column":38}}],"line":51},"5":{"loc":{"start":{"line":52,"column":10},"end":{"line":52,"column":37}},"type":"binary-expr","locations":[{"start":{"line":52,"column":10},"end":{"line":52,"column":18}},{"start":{"line":52,"column":22},"end":{"line":52,"column":37}}],"line":52},"6":{"loc":{"start":{"line":58,"column":27},"end":{"line":58,"column":54}},"type":"binary-expr","locations":[{"start":{"line":58,"column":27},"end":{"line":58,"column":44}},{"start":{"line":58,"column":48},"end":{"line":58,"column":54}}],"line":58},"7":{"loc":{"start":{"line":62,"column":9},"end":{"line":81,"column":9}},"type":"binary-expr","locations":[{"start":{"line":62,"column":10},"end":{"line":62,"column":15}},{"start":{"line":62,"column":19},"end":{"line":62,"column":27}},{"start":{"line":63,"column":10},"end":{"line":80,"column":17}}],"line":62},"8":{"loc":{"start":{"line":64,"column":13},"end":{"line":71,"column":13}},"type":"binary-expr","locations":[{"start":{"line":64,"column":13},"end":{"line":64,"column":18}},{"start":{"line":65,"column":14},"end":{"line":70,"column":21}}],"line":64},"9":{"loc":{"start":{"line":72,"column":13},"end":{"line":79,"column":13}},"type":"binary-expr","locations":[{"start":{"line":72,"column":13},"end":{"line":72,"column":21}},{"start":{"line":73,"column":14},"end":{"line":78,"column":21}}],"line":72},"10":{"loc":{"start":{"line":91,"column":2},"end":{"line":104,"column":3}},"type":"switch","locations":[{"start":{"line":92,"column":4},"end":{"line":95,"column":8}},{"start":{"line":96,"column":4},"end":{"line":99,"column":8}},{"start":{"line":100,"column":4},"end":{"line":103,"column":8}}],"line":91},"11":{"loc":{"start":{"line":108,"column":2},"end":{"line":129,"column":3}},"type":"switch","locations":[{"start":{"line":109,"column":4},"end":{"line":113,"column":8}},{"start":{"line":114,"column":4},"end":{"line":119,"column":8}},{"start":{"line":120,"column":4},"end":{"line":123,"column":8}},{"start":{"line":124,"column":4},"end":{"line":128,"column":8}}],"line":108}},"s":{"0":0,"1":0,"2":0,"3":0,"4":0,"5":0,"6":0,"7":0,"8":0,"9":0,"10":0,"11":0,"12":0,"13":0,"14":0,"15":0},"f":{"0":0,"1":0,"2":0},"b":{"0":[0],"1":[0],"2":[0],"3":[0],"4":[0,0],"5":[0,0],"6":[0,0],"7":[0,0,0],"8":[0,0],"9":[0,0],"10":[0,0,0],"11":[0,0,0,0]}}
,"D:\\ReactNative\\project\\Design-Playground\\Design-Playground\\src\\components\\GestureControl.tsx": {"path":"D:\\ReactNative\\project\\Design-Playground\\Design-Playground\\src\\components\\GestureControl.tsx","statementMap":{"0":{"start":{"line":24,"column":20},"end":{"line":24,"column":30}},"1":{"start":{"line":25,"column":32},"end":{"line":25,"column":52}},"2":{"start":{"line":26,"column":40},"end":{"line":26,"column":59}},"3":{"start":{"line":27,"column":22},"end":{"line":27,"column":59}},"4":{"start":{"line":29,"column":24},"end":{"line":74,"column":89}},"5":{"start":{"line":30,"column":4},"end":{"line":30,"column":21}},"6":{"start":{"line":31,"column":4},"end":{"line":31,"column":25}},"7":{"start":{"line":34,"column":4},"end":{"line":53,"column":5}},"8":{"start":{"line":36,"column":8},"end":{"line":36,"column":24}},"9":{"start":{"line":37,"column":8},"end":{"line":37,"column":14}},"10":{"start":{"line":39,"column":8},"end":{"line":39,"column":25}},"11":{"start":{"line":40,"column":8},"end":{"line":40,"column":14}},"12":{"start":{"line":42,"column":8},"end":{"line":42,"column":22}},"13":{"start":{"line":43,"column":8},"end":{"line":43,"column":14}},"14":{"start":{"line":45,"column":8},"end":{"line":45,"column":24}},"15":{"start":{"line":46,"column":8},"end":{"line":46,"column":14}},"16":{"start":{"line":48,"column":8},"end":{"line":48,"column":30}},"17":{"start":{"line":49,"column":8},"end":{"line":49,"column":14}},"18":{"start":{"line":51,"column":8},"end":{"line":51,"column":34}},"19":{"start":{"line":52,"column":8},"end":{"line":52,"column":14}},"20":{"start":{"line":56,"column":4},"end":{"line":67,"column":15}},"21":{"start":{"line":70,"column":4},"end":{"line":73,"column":13}},"22":{"start":{"line":71,"column":6},"end":{"line":71,"column":21}},"23":{"start":{"line":72,"column":6},"end":{"line":72,"column":27}},"24":{"start":{"line":76,"column":2},"end":{"line":180,"column":4}},"25":{"start":{"line":144,"column":27},"end":{"line":144,"column":54}},"26":{"start":{"line":153,"column":27},"end":{"line":153,"column":55}},"27":{"start":{"line":164,"column":27},"end":{"line":164,"column":65}},"28":{"start":{"line":173,"column":27},"end":{"line":173,"column":68}},"29":{"start":{"line":183,"column":15},"end":{"line":268,"column":2}}},"fnMap":{"0":{"name":"GestureControl","decl":{"start":{"line":15,"column":16},"end":{"line":15,"column":30}},"loc":{"start":{"line":23,"column":24},"end":{"line":181,"column":1}},"line":23},"1":{"name":"(anonymous_1)","decl":{"start":{"line":29,"column":36},"end":{"line":29,"column":37}},"loc":{"start":{"line":29,"column":66},"end":{"line":74,"column":3}},"line":29},"2":{"name":"(anonymous_2)","decl":{"start":{"line":70,"column":15},"end":{"line":70,"column":16}},"loc":{"start":{"line":70,"column":21},"end":{"line":73,"column":5}},"line":70},"3":{"name":"(anonymous_3)","decl":{"start":{"line":144,"column":21},"end":{"line":144,"column":22}},"loc":{"start":{"line":144,"column":27},"end":{"line":144,"column":54}},"line":144},"4":{"name":"(anonymous_4)","decl":{"start":{"line":153,"column":21},"end":{"line":153,"column":22}},"loc":{"start":{"line":153,"column":27},"end":{"line":153,"column":55}},"line":153},"5":{"name":"(anonymous_5)","decl":{"start":{"line":164,"column":21},"end":{"line":164,"column":22}},"loc":{"start":{"line":164,"column":27},"end":{"line":164,"column":65}},"line":164},"6":{"name":"(anonymous_6)","decl":{"start":{"line":173,"column":21},"end":{"line":173,"column":22}},"loc":{"start":{"line":173,"column":27},"end":{"line":173,"column":68}},"line":173}},"branchMap":{"0":{"loc":{"start":{"line":34,"column":4},"end":{"line":53,"column":5}},"type":"switch","locations":[{"start":{"line":35,"column":6},"end":{"line":37,"column":14}},{"start":{"line":38,"column":6},"end":{"line":40,"column":14}},{"start":{"line":41,"column":6},"end":{"line":43,"column":14}},{"start":{"line":44,"column":6},"end":{"line":46,"column":14}},{"start":{"line":47,"column":6},"end":{"line":49,"column":14}},{"start":{"line":50,"column":6},"end":{"line":52,"column":14}}],"line":34},"1":{"loc":{"start":{"line":106,"column":11},"end":{"line":106,"column":53}},"type":"binary-expr","locations":[{"start":{"line":106,"column":11},"end":{"line":106,"column":35}},{"start":{"line":106,"column":39},"end":{"line":106,"column":53}}],"line":106},"2":{"loc":{"start":{"line":107,"column":11},"end":{"line":107,"column":55}},"type":"binary-expr","locations":[{"start":{"line":107,"column":11},"end":{"line":107,"column":36}},{"start":{"line":107,"column":40},"end":{"line":107,"column":55}}],"line":107},"3":{"loc":{"start":{"line":108,"column":11},"end":{"line":108,"column":49}},"type":"binary-expr","locations":[{"start":{"line":108,"column":11},"end":{"line":108,"column":33}},{"start":{"line":108,"column":37},"end":{"line":108,"column":49}}],"line":108},"4":{"loc":{"start":{"line":109,"column":11},"end":{"line":109,"column":53}},"type":"binary-expr","locations":[{"start":{"line":109,"column":11},"end":{"line":109,"column":35}},{"start":{"line":109,"column":39},"end":{"line":109,"column":53}}],"line":109},"5":{"loc":{"start":{"line":110,"column":11},"end":{"line":110,"column":80}},"type":"binary-expr","locations":[{"start":{"line":110,"column":11},"end":{"line":110,"column":30}},{"start":{"line":110,"column":34},"end":{"line":110,"column":80}}],"line":110},"6":{"loc":{"start":{"line":111,"column":11},"end":{"line":111,"column":85}},"type":"binary-expr","locations":[{"start":{"line":111,"column":11},"end":{"line":111,"column":31}},{"start":{"line":111,"column":35},"end":{"line":111,"column":85}}],"line":111}},"s":{"0":0,"1":0,"2":0,"3":0,"4":0,"5":0,"6":0,"7":0,"8":0,"9":0,"10":0,"11":0,"12":0,"13":0,"14":0,"15":0,"16":0,"17":0,"18":0,"19":0,"20":0,"21":0,"22":0,"23":0,"24":0,"25":0,"26":0,"27":0,"28":0,"29":0},"f":{"0":0,"1":0,"2":0,"3":0,"4":0,"5":0,"6":0},"b":{"0":[0,0,0,0,0,0],"1":[0,0],"2":[0,0],"3":[0,0],"4":[0,0],"5":[0,0],"6":[0,0]}}
,"D:\\ReactNative\\project\\Design-Playground\\Design-Playground\\src\\components\\HapticFeedback.tsx": {"path":"D:\\ReactNative\\project\\Design-Playground\\Design-Playground\\src\\components\\HapticFeedback.tsx","statementMap":{"0":{"start":{"line":12,"column":20},"end":{"line":12,"column":30}},"1":{"start":{"line":13,"column":20},"end":{"line":13,"column":57}},"2":{"start":{"line":14,"column":36},"end":{"line":14,"column":51}},"3":{"start":{"line":16,"column":24},"end":{"line":29,"column":20}},"4":{"start":{"line":18,"column":4},"end":{"line":28,"column":5}},"5":{"start":{"line":19,"column":23},"end":{"line":26,"column":7}},"6":{"start":{"line":27,"column":6},"end":{"line":27,"column":48}},"7":{"start":{"line":31,"column":24},"end":{"line":40,"column":32}},"8":{"start":{"line":32,"column":4},"end":{"line":32,"column":23}},"9":{"start":{"line":33,"column":4},"end":{"line":38,"column":15}},"10":{"start":{"line":39,"column":4},"end":{"line":39,"column":20}},"11":{"start":{"line":42,"column":25},"end":{"line":53,"column":26}},"12":{"start":{"line":43,"column":4},"end":{"line":43,"column":24}},"13":{"start":{"line":44,"column":4},"end":{"line":49,"column":15}},"14":{"start":{"line":50,"column":4},"end":{"line":52,"column":5}},"15":{"start":{"line":51,"column":6},"end":{"line":51,"column":16}},"16":{"start":{"line":55,"column":2},"end":{"line":70,"column":4}},"17":{"start":{"line":64,"column":39},"end":{"line":64,"column":43}},"18":{"start":{"line":73,"column":15},"end":{"line":77,"column":2}}},"fnMap":{"0":{"name":"HapticFeedback","decl":{"start":{"line":11,"column":16},"end":{"line":11,"column":30}},"loc":{"start":{"line":11,"column":100},"end":{"line":71,"column":1}},"line":11},"1":{"name":"(anonymous_1)","decl":{"start":{"line":16,"column":36},"end":{"line":16,"column":37}},"loc":{"start":{"line":16,"column":42},"end":{"line":29,"column":3}},"line":16},"2":{"name":"(anonymous_2)","decl":{"start":{"line":31,"column":36},"end":{"line":31,"column":37}},"loc":{"start":{"line":31,"column":42},"end":{"line":40,"column":3}},"line":31},"3":{"name":"(anonymous_3)","decl":{"start":{"line":42,"column":37},"end":{"line":42,"column":38}},"loc":{"start":{"line":42,"column":43},"end":{"line":53,"column":3}},"line":42},"4":{"name":"(anonymous_4)","decl":{"start":{"line":64,"column":33},"end":{"line":64,"column":34}},"loc":{"start":{"line":64,"column":39},"end":{"line":64,"column":43}},"line":64}},"branchMap":{"0":{"loc":{"start":{"line":11,"column":43},"end":{"line":11,"column":66}},"type":"default-arg","locations":[{"start":{"line":11,"column":58},"end":{"line":11,"column":66}}],"line":11},"1":{"loc":{"start":{"line":18,"column":4},"end":{"line":28,"column":5}},"type":"if","locations":[{"start":{"line":18,"column":4},"end":{"line":28,"column":5}},{"start":{},"end":{}}],"line":18},"2":{"loc":{"start":{"line":18,"column":8},"end":{"line":18,"column":66}},"type":"binary-expr","locations":[{"start":{"line":18,"column":8},"end":{"line":18,"column":40}},{"start":{"line":18,"column":44},"end":{"line":18,"column":66}}],"line":18},"3":{"loc":{"start":{"line":50,"column":4},"end":{"line":52,"column":5}},"type":"if","locations":[{"start":{"line":50,"column":4},"end":{"line":52,"column":5}},{"start":{},"end":{}}],"line":50},"4":{"loc":{"start":{"line":61,"column":27},"end":{"line":61,"column":87}},"type":"cond-expr","locations":[{"start":{"line":61,"column":39},"end":{"line":61,"column":71}},{"start":{"line":61,"column":74},"end":{"line":61,"column":87}}],"line":61}},"s":{"0":0,"1":0,"2":0,"3":0,"4":0,"5":0,"6":0,"7":0,"8":0,"9":0,"10":0,"11":0,"12":0,"13":0,"14":0,"15":0,"16":0,"17":0,"18":0},"f":{"0":0,"1":0,"2":0,"3":0,"4":0},"b":{"0":[0],"1":[0,0],"2":[0,0],"3":[0,0],"4":[0,0]}}
,"D:\\ReactNative\\project\\Design-Playground\\Design-Playground\\src\\components\\Input.tsx": {"path":"D:\\ReactNative\\project\\Design-Playground\\Design-Playground\\src\\components\\Input.tsx","statementMap":{"0":{"start":{"line":33,"column":21},"end":{"line":134,"column":1}},"1":{"start":{"line":48,"column":22},"end":{"line":48,"column":32}},"2":{"start":{"line":49,"column":34},"end":{"line":49,"column":49}},"3":{"start":{"line":50,"column":26},"end":{"line":50,"column":43}},"4":{"start":{"line":52,"column":24},"end":{"line":56,"column":10}},"5":{"start":{"line":53,"column":6},"end":{"line":53,"column":23}},"6":{"start":{"line":54,"column":6},"end":{"line":54,"column":57}},"7":{"start":{"line":55,"column":6},"end":{"line":55,"column":34}},"8":{"start":{"line":58,"column":23},"end":{"line":62,"column":10}},"9":{"start":{"line":59,"column":6},"end":{"line":59,"column":24}},"10":{"start":{"line":60,"column":6},"end":{"line":60,"column":57}},"11":{"start":{"line":61,"column":6},"end":{"line":61,"column":33}},"12":{"start":{"line":64,"column":27},"end":{"line":73,"column":7}},"13":{"start":{"line":64,"column":51},"end":{"line":73,"column":5}},"14":{"start":{"line":75,"column":23},"end":{"line":75,"column":42}},"15":{"start":{"line":77,"column":4},"end":{"line":132,"column":6}},"16":{"start":{"line":136,"column":0},"end":{"line":136,"column":28}},"17":{"start":{"line":139,"column":2},"end":{"line":155,"column":3}},"18":{"start":{"line":141,"column":6},"end":{"line":144,"column":8}},"19":{"start":{"line":146,"column":6},"end":{"line":149,"column":8}},"20":{"start":{"line":151,"column":6},"end":{"line":154,"column":8}},"21":{"start":{"line":158,"column":15},"end":{"line":197,"column":2}}},"fnMap":{"0":{"name":"(anonymous_0)","decl":{"start":{"line":34,"column":2},"end":{"line":34,"column":3}},"loc":{"start":{"line":47,"column":13},"end":{"line":133,"column":3}},"line":47},"1":{"name":"(anonymous_1)","decl":{"start":{"line":52,"column":36},"end":{"line":52,"column":37}},"loc":{"start":{"line":52,"column":42},"end":{"line":56,"column":5}},"line":52},"2":{"name":"(anonymous_2)","decl":{"start":{"line":58,"column":35},"end":{"line":58,"column":36}},"loc":{"start":{"line":58,"column":41},"end":{"line":62,"column":5}},"line":58},"3":{"name":"(anonymous_3)","decl":{"start":{"line":64,"column":44},"end":{"line":64,"column":45}},"loc":{"start":{"line":64,"column":51},"end":{"line":73,"column":5}},"line":64},"4":{"name":"getSizeStyles","decl":{"start":{"line":138,"column":9},"end":{"line":138,"column":22}},"loc":{"start":{"line":138,"column":40},"end":{"line":156,"column":1}},"line":138}},"branchMap":{"0":{"loc":{"start":{"line":40,"column":4},"end":{"line":40,"column":20}},"type":"default-arg","locations":[{"start":{"line":40,"column":15},"end":{"line":40,"column":20}}],"line":40},"1":{"loc":{"start":{"line":41,"column":4},"end":{"line":41,"column":15}},"type":"default-arg","locations":[{"start":{"line":41,"column":11},"end":{"line":41,"column":15}}],"line":41},"2":{"loc":{"start":{"line":65,"column":19},"end":{"line":71,"column":11}},"type":"cond-expr","locations":[{"start":{"line":66,"column":10},"end":{"line":66,"column":35}},{"start":{"line":67,"column":10},"end":{"line":71,"column":11}}],"line":65},"3":{"loc":{"start":{"line":72,"column":19},"end":{"line":72,"column":54}},"type":"cond-expr","locations":[{"start":{"line":72,"column":47},"end":{"line":72,"column":50}},{"start":{"line":72,"column":53},"end":{"line":72,"column":54}}],"line":72},"4":{"loc":{"start":{"line":79,"column":9},"end":{"line":86,"column":9}},"type":"binary-expr","locations":[{"start":{"line":79,"column":9},"end":{"line":79,"column":14}},{"start":{"line":80,"column":10},"end":{"line":85,"column":17}}],"line":79},"5":{"loc":{"start":{"line":93,"column":12},"end":{"line":93,"column":39}},"type":"binary-expr","locations":[{"start":{"line":93,"column":12},"end":{"line":93,"column":20}},{"start":{"line":93,"column":24},"end":{"line":93,"column":39}}],"line":93},"6":{"loc":{"start":{"line":96,"column":11},"end":{"line":96,"column":70}},"type":"binary-expr","locations":[{"start":{"line":96,"column":11},"end":{"line":96,"column":19}},{"start":{"line":96,"column":23},"end":{"line":96,"column":70}}],"line":96},"7":{"loc":{"start":{"line":103,"column":14},"end":{"line":103,"column":52}},"type":"cond-expr","locations":[{"start":{"line":103,"column":25},"end":{"line":103,"column":45}},{"start":{"line":103,"column":48},"end":{"line":103,"column":52}}],"line":103},"8":{"loc":{"start":{"line":104,"column":14},"end":{"line":104,"column":54}},"type":"cond-expr","locations":[{"start":{"line":104,"column":26},"end":{"line":104,"column":47}},{"start":{"line":104,"column":50},"end":{"line":104,"column":54}}],"line":104},"9":{"loc":{"start":{"line":112,"column":32},"end":{"line":112,"column":59}},"type":"binary-expr","locations":[{"start":{"line":112,"column":32},"end":{"line":112,"column":50}},{"start":{"line":112,"column":54},"end":{"line":112,"column":59}}],"line":112},"10":{"loc":{"start":{"line":118,"column":11},"end":{"line":118,"column":73}},"type":"binary-expr","locations":[{"start":{"line":118,"column":11},"end":{"line":118,"column":20}},{"start":{"line":118,"column":24},"end":{"line":118,"column":73}}],"line":118},"11":{"loc":{"start":{"line":120,"column":9},"end":{"line":130,"column":9}},"type":"binary-expr","locations":[{"start":{"line":120,"column":10},"end":{"line":120,"column":15}},{"start":{"line":120,"column":19},"end":{"line":120,"column":23}},{"start":{"line":121,"column":10},"end":{"line":129,"column":17}}],"line":120},"12":{"loc":{"start":{"line":124,"column":23},"end":{"line":124,"column":85}},"type":"cond-expr","locations":[{"start":{"line":124,"column":31},"end":{"line":124,"column":56}},{"start":{"line":124,"column":59},"end":{"line":124,"column":85}}],"line":124},"13":{"loc":{"start":{"line":128,"column":13},"end":{"line":128,"column":26}},"type":"binary-expr","locations":[{"start":{"line":128,"column":13},"end":{"line":128,"column":18}},{"start":{"line":128,"column":22},"end":{"line":128,"column":26}}],"line":128},"14":{"loc":{"start":{"line":139,"column":2},"end":{"line":155,"column":3}},"type":"switch","locations":[{"start":{"line":140,"column":4},"end":{"line":144,"column":8}},{"start":{"line":145,"column":4},"end":{"line":149,"column":8}},{"start":{"line":150,"column":4},"end":{"line":154,"column":8}}],"line":139}},"s":{"0":0,"1":0,"2":0,"3":0,"4":0,"5":0,"6":0,"7":0,"8":0,"9":0,"10":0,"11":0,"12":0,"13":0,"14":0,"15":0,"16":0,"17":0,"18":0,"19":0,"20":0,"21":0},"f":{"0":0,"1":0,"2":0,"3":0,"4":0},"b":{"0":[0],"1":[0],"2":[0,0],"3":[0,0],"4":[0,0],"5":[0,0],"6":[0,0],"7":[0,0],"8":[0,0],"9":[0,0],"10":[0,0],"11":[0,0,0],"12":[0,0],"13":[0,0],"14":[0,0,0]}}
,"D:\\ReactNative\\project\\Design-Playground\\Design-Playground\\src\\components\\NeuralDesign.tsx": {"path":"D:\\ReactNative\\project\\Design-Playground\\Design-Playground\\src\\components\\NeuralDesign.tsx","statementMap":{"0":{"start":{"line":12,"column":20},"end":{"line":12,"column":30}},"1":{"start":{"line":13,"column":42},"end":{"line":13,"column":57}},"2":{"start":{"line":14,"column":30},"end":{"line":14,"column":42}},"3":{"start":{"line":15,"column":48},"end":{"line":15,"column":67}},"4":{"start":{"line":16,"column":46},"end":{"line":16,"column":68}},"5":{"start":{"line":17,"column":20},"end":{"line":17,"column":57}},"6":{"start":{"line":19,"column":2},"end":{"line":30,"column":16}},"7":{"start":{"line":20,"column":4},"end":{"line":29,"column":5}},"8":{"start":{"line":22,"column":23},"end":{"line":26,"column":13}},"9":{"start":{"line":23,"column":8},"end":{"line":25,"column":10}},"10":{"start":{"line":24,"column":10},"end":{"line":24,"column":57}},"11":{"start":{"line":24,"column":43},"end":{"line":24,"column":56}},"12":{"start":{"line":28,"column":6},"end":{"line":28,"column":43}},"13":{"start":{"line":28,"column":19},"end":{"line":28,"column":42}},"14":{"start":{"line":32,"column":25},"end":{"line":94,"column":3}},"15":{"start":{"line":33,"column":4},"end":{"line":33,"column":31}},"16":{"start":{"line":33,"column":24},"end":{"line":33,"column":31}},"17":{"start":{"line":35,"column":4},"end":{"line":35,"column":26}},"18":{"start":{"line":38,"column":4},"end":{"line":44,"column":14}},"19":{"start":{"line":47,"column":4},"end":{"line":93,"column":13}},"20":{"start":{"line":48,"column":21},"end":{"line":88,"column":7}},"21":{"start":{"line":90,"column":6},"end":{"line":90,"column":33}},"22":{"start":{"line":91,"column":6},"end":{"line":91,"column":29}},"23":{"start":{"line":92,"column":6},"end":{"line":92,"column":32}},"24":{"start":{"line":96,"column":2},"end":{"line":96,"column":28}},"25":{"start":{"line":96,"column":16},"end":{"line":96,"column":28}},"26":{"start":{"line":98,"column":2},"end":{"line":219,"column":4}},"27":{"start":{"line":117,"column":14},"end":{"line":135,"column":16}},"28":{"start":{"line":194,"column":16},"end":{"line":196,"column":23}},"29":{"start":{"line":206,"column":18},"end":{"line":211,"column":25}},"30":{"start":{"line":222,"column":15},"end":{"line":356,"column":2}}},"fnMap":{"0":{"name":"NeuralDesign","decl":{"start":{"line":11,"column":16},"end":{"line":11,"column":28}},"loc":{"start":{"line":11,"column":89},"end":{"line":220,"column":1}},"line":11},"1":{"name":"(anonymous_1)","decl":{"start":{"line":19,"column":12},"end":{"line":19,"column":13}},"loc":{"start":{"line":19,"column":18},"end":{"line":30,"column":3}},"line":19},"2":{"name":"(anonymous_2)","decl":{"start":{"line":22,"column":35},"end":{"line":22,"column":36}},"loc":{"start":{"line":22,"column":41},"end":{"line":26,"column":7}},"line":22},"3":{"name":"(anonymous_3)","decl":{"start":{"line":23,"column":26},"end":{"line":23,"column":27}},"loc":{"start":{"line":24,"column":10},"end":{"line":24,"column":57}},"line":24},"4":{"name":"(anonymous_4)","decl":{"start":{"line":24,"column":37},"end":{"line":24,"column":38}},"loc":{"start":{"line":24,"column":43},"end":{"line":24,"column":56}},"line":24},"5":{"name":"(anonymous_5)","decl":{"start":{"line":28,"column":13},"end":{"line":28,"column":14}},"loc":{"start":{"line":28,"column":19},"end":{"line":28,"column":42}},"line":28},"6":{"name":"(anonymous_6)","decl":{"start":{"line":32,"column":25},"end":{"line":32,"column":26}},"loc":{"start":{"line":32,"column":37},"end":{"line":94,"column":3}},"line":32},"7":{"name":"(anonymous_7)","decl":{"start":{"line":47,"column":15},"end":{"line":47,"column":16}},"loc":{"start":{"line":47,"column":21},"end":{"line":93,"column":5}},"line":47},"8":{"name":"(anonymous_8)","decl":{"start":{"line":116,"column":32},"end":{"line":116,"column":33}},"loc":{"start":{"line":117,"column":14},"end":{"line":135,"column":16}},"line":117},"9":{"name":"(anonymous_9)","decl":{"start":{"line":193,"column":44},"end":{"line":193,"column":45}},"loc":{"start":{"line":194,"column":16},"end":{"line":196,"column":23}},"line":194},"10":{"name":"(anonymous_10)","decl":{"start":{"line":205,"column":60},"end":{"line":205,"column":61}},"loc":{"start":{"line":206,"column":18},"end":{"line":211,"column":25}},"line":206}},"branchMap":{"0":{"loc":{"start":{"line":20,"column":4},"end":{"line":29,"column":5}},"type":"if","locations":[{"start":{"line":20,"column":4},"end":{"line":29,"column":5}},{"start":{},"end":{}}],"line":20},"1":{"loc":{"start":{"line":33,"column":4},"end":{"line":33,"column":31}},"type":"if","locations":[{"start":{"line":33,"column":4},"end":{"line":33,"column":31}},{"start":{},"end":{}}],"line":33},"2":{"loc":{"start":{"line":96,"column":2},"end":{"line":96,"column":28}},"type":"if","locations":[{"start":{"line":96,"column":2},"end":{"line":96,"column":28}},{"start":{},"end":{}}],"line":96},"3":{"loc":{"start":{"line":122,"column":37},"end":{"line":126,"column":52}},"type":"cond-expr","locations":[{"start":{"line":123,"column":24},"end":{"line":123,"column":49}},{"start":{"line":124,"column":24},"end":{"line":126,"column":52}}],"line":122},"4":{"loc":{"start":{"line":124,"column":24},"end":{"line":126,"column":52}},"type":"cond-expr","locations":[{"start":{"line":125,"column":26},"end":{"line":125,"column":53}},{"start":{"line":126,"column":26},"end":{"line":126,"column":52}}],"line":124},"5":{"loc":{"start":{"line":164,"column":33},"end":{"line":166,"column":46}},"type":"cond-expr","locations":[{"start":{"line":165,"column":20},"end":{"line":165,"column":53}},{"start":{"line":166,"column":20},"end":{"line":166,"column":46}}],"line":164},"6":{"loc":{"start":{"line":172,"column":13},"end":{"line":172,"column":68}},"type":"cond-expr","locations":[{"start":{"line":172,"column":28},"end":{"line":172,"column":46}},{"start":{"line":172,"column":49},"end":{"line":172,"column":68}}],"line":172},"7":{"loc":{"start":{"line":177,"column":9},"end":{"line":216,"column":9}},"type":"binary-expr","locations":[{"start":{"line":177,"column":9},"end":{"line":177,"column":24}},{"start":{"line":178,"column":10},"end":{"line":215,"column":17}}],"line":177}},"s":{"0":0,"1":0,"2":0,"3":0,"4":0,"5":0,"6":0,"7":0,"8":0,"9":0,"10":0,"11":0,"12":0,"13":0,"14":0,"15":0,"16":0,"17":0,"18":0,"19":0,"20":0,"21":0,"22":0,"23":0,"24":0,"25":0,"26":0,"27":0,"28":0,"29":0,"30":0},"f":{"0":0,"1":0,"2":0,"3":0,"4":0,"5":0,"6":0,"7":0,"8":0,"9":0,"10":0},"b":{"0":[0,0],"1":[0,0],"2":[0,0],"3":[0,0],"4":[0,0],"5":[0,0],"6":[0,0],"7":[0,0]}}
,"D:\\ReactNative\\project\\Design-Playground\\Design-Playground\\src\\components\\Skeleton.tsx": {"path":"D:\\ReactNative\\project\\Design-Playground\\Design-Playground\\src\\components\\Skeleton.tsx","statementMap":{"0":{"start":{"line":21,"column":20},"end":{"line":21,"column":30}},"1":{"start":{"line":22,"column":18},"end":{"line":22,"column":35}},"2":{"start":{"line":24,"column":2},"end":{"line":30,"column":9}},"3":{"start":{"line":25,"column":4},"end":{"line":29,"column":6}},"4":{"start":{"line":32,"column":24},"end":{"line":34,"column":5}},"5":{"start":{"line":32,"column":48},"end":{"line":34,"column":3}},"6":{"start":{"line":36,"column":2},"end":{"line":51,"column":4}},"7":{"start":{"line":55,"column":20},"end":{"line":55,"column":30}},"8":{"start":{"line":56,"column":2},"end":{"line":76,"column":4}},"9":{"start":{"line":79,"column":15},"end":{"line":92,"column":2}}},"fnMap":{"0":{"name":"Skeleton","decl":{"start":{"line":20,"column":16},"end":{"line":20,"column":24}},"loc":{"start":{"line":20,"column":96},"end":{"line":52,"column":1}},"line":20},"1":{"name":"(anonymous_1)","decl":{"start":{"line":24,"column":12},"end":{"line":24,"column":13}},"loc":{"start":{"line":24,"column":18},"end":{"line":30,"column":3}},"line":24},"2":{"name":"(anonymous_2)","decl":{"start":{"line":32,"column":41},"end":{"line":32,"column":42}},"loc":{"start":{"line":32,"column":48},"end":{"line":34,"column":3}},"line":32},"3":{"name":"SkeletonCard","decl":{"start":{"line":54,"column":16},"end":{"line":54,"column":28}},"loc":{"start":{"line":54,"column":31},"end":{"line":77,"column":1}},"line":54}},"branchMap":{"0":{"loc":{"start":{"line":20,"column":34},"end":{"line":20,"column":45}},"type":"default-arg","locations":[{"start":{"line":20,"column":43},"end":{"line":20,"column":45}}],"line":20},"1":{"loc":{"start":{"line":20,"column":47},"end":{"line":20,"column":70}},"type":"default-arg","locations":[{"start":{"line":20,"column":62},"end":{"line":20,"column":70}}],"line":20},"2":{"loc":{"start":{"line":40,"column":17},"end":{"line":40,"column":32}},"type":"binary-expr","locations":[{"start":{"line":40,"column":17},"end":{"line":40,"column":22}},{"start":{"line":40,"column":26},"end":{"line":40,"column":32}}],"line":40},"3":{"loc":{"start":{"line":43,"column":27},"end":{"line":45,"column":32}},"type":"cond-expr","locations":[{"start":{"line":44,"column":14},"end":{"line":44,"column":38}},{"start":{"line":45,"column":14},"end":{"line":45,"column":32}}],"line":43}},"s":{"0":0,"1":0,"2":0,"3":0,"4":0,"5":0,"6":0,"7":0,"8":0,"9":0},"f":{"0":0,"1":0,"2":0,"3":0},"b":{"0":[0],"1":[0],"2":[0,0],"3":[0,0]}}
,"D:\\ReactNative\\project\\Design-Playground\\Design-Playground\\src\\components\\Toggle.tsx": {"path":"D:\\ReactNative\\project\\Design-Playground\\Design-Playground\\src\\components\\Toggle.tsx","statementMap":{"0":{"start":{"line":21,"column":20},"end":{"line":21,"column":22}},"1":{"start":{"line":22,"column":21},"end":{"line":22,"column":23}},"2":{"start":{"line":23,"column":19},"end":{"line":23,"column":21}},"3":{"start":{"line":24,"column":16},"end":{"line":24,"column":17}},"4":{"start":{"line":25,"column":15},"end":{"line":25,"column":53}},"5":{"start":{"line":28,"column":20},"end":{"line":28,"column":30}},"6":{"start":{"line":29,"column":19},"end":{"line":29,"column":48}},"7":{"start":{"line":30,"column":22},"end":{"line":30,"column":43}},"8":{"start":{"line":32,"column":2},"end":{"line":34,"column":14}},"9":{"start":{"line":33,"column":4},"end":{"line":33,"column":62}},"10":{"start":{"line":36,"column":21},"end":{"line":40,"column":5}},"11":{"start":{"line":36,"column":45},"end":{"line":40,"column":3}},"12":{"start":{"line":42,"column":21},"end":{"line":44,"column":5}},"13":{"start":{"line":42,"column":45},"end":{"line":44,"column":3}},"14":{"start":{"line":46,"column":22},"end":{"line":51,"column":38}},"15":{"start":{"line":47,"column":4},"end":{"line":50,"column":5}},"16":{"start":{"line":48,"column":6},"end":{"line":48,"column":61}},"17":{"start":{"line":49,"column":6},"end":{"line":49,"column":28}},"18":{"start":{"line":53,"column":2},"end":{"line":73,"column":4}},"19":{"start":{"line":76,"column":23},"end":{"line":82,"column":2}},"20":{"start":{"line":76,"column":42},"end":{"line":82,"column":1}},"21":{"start":{"line":84,"column":15},"end":{"line":98,"column":2}}},"fnMap":{"0":{"name":"Toggle","decl":{"start":{"line":27,"column":16},"end":{"line":27,"column":22}},"loc":{"start":{"line":27,"column":100},"end":{"line":74,"column":1}},"line":27},"1":{"name":"(anonymous_1)","decl":{"start":{"line":32,"column":18},"end":{"line":32,"column":19}},"loc":{"start":{"line":32,"column":24},"end":{"line":34,"column":3}},"line":32},"2":{"name":"(anonymous_2)","decl":{"start":{"line":36,"column":38},"end":{"line":36,"column":39}},"loc":{"start":{"line":36,"column":45},"end":{"line":40,"column":3}},"line":36},"3":{"name":"(anonymous_3)","decl":{"start":{"line":42,"column":38},"end":{"line":42,"column":39}},"loc":{"start":{"line":42,"column":45},"end":{"line":44,"column":3}},"line":42},"4":{"name":"(anonymous_4)","decl":{"start":{"line":46,"column":34},"end":{"line":46,"column":35}},"loc":{"start":{"line":46,"column":40},"end":{"line":51,"column":3}},"line":46},"5":{"name":"(anonymous_5)","decl":{"start":{"line":76,"column":23},"end":{"line":76,"column":24}},"loc":{"start":{"line":76,"column":42},"end":{"line":82,"column":1}},"line":76}},"branchMap":{"0":{"loc":{"start":{"line":27,"column":47},"end":{"line":27,"column":63}},"type":"default-arg","locations":[{"start":{"line":27,"column":58},"end":{"line":27,"column":63}}],"line":27},"1":{"loc":{"start":{"line":29,"column":34},"end":{"line":29,"column":47}},"type":"cond-expr","locations":[{"start":{"line":29,"column":42},"end":{"line":29,"column":43}},{"start":{"line":29,"column":46},"end":{"line":29,"column":47}}],"line":29},"2":{"loc":{"start":{"line":33,"column":32},"end":{"line":33,"column":45}},"type":"cond-expr","locations":[{"start":{"line":33,"column":40},"end":{"line":33,"column":41}},{"start":{"line":33,"column":44},"end":{"line":33,"column":45}}],"line":33},"3":{"loc":{"start":{"line":37,"column":21},"end":{"line":37,"column":137}},"type":"cond-expr","locations":[{"start":{"line":37,"column":32},"end":{"line":37,"column":65}},{"start":{"line":37,"column":69},"end":{"line":37,"column":136}}],"line":37},"4":{"loc":{"start":{"line":37,"column":69},"end":{"line":37,"column":136}},"type":"cond-expr","locations":[{"start":{"line":37,"column":77},"end":{"line":37,"column":103}},{"start":{"line":37,"column":106},"end":{"line":37,"column":136}}],"line":37},"5":{"loc":{"start":{"line":39,"column":17},"end":{"line":39,"column":81}},"type":"cond-expr","locations":[{"start":{"line":39,"column":25},"end":{"line":39,"column":51}},{"start":{"line":39,"column":54},"end":{"line":39,"column":81}}],"line":39},"6":{"loc":{"start":{"line":47,"column":4},"end":{"line":50,"column":5}},"type":"if","locations":[{"start":{"line":47,"column":4},"end":{"line":50,"column":5}},{"start":{},"end":{}}],"line":47},"7":{"loc":{"start":{"line":61,"column":24},"end":{"line":61,"column":42}},"type":"cond-expr","locations":[{"start":{"line":61,"column":35},"end":{"line":61,"column":38}},{"start":{"line":61,"column":41},"end":{"line":61,"column":42}}],"line":61}},"s":{"0":0,"1":0,"2":0,"3":0,"4":0,"5":0,"6":0,"7":0,"8":0,"9":0,"10":0,"11":0,"12":0,"13":0,"14":0,"15":0,"16":0,"17":0,"18":0,"19":0,"20":0,"21":0},"f":{"0":0,"1":0,"2":0,"3":0,"4":0,"5":0},"b":{"0":[0],"1":[0,0],"2":[0,0],"3":[0,0],"4":[0,0],"5":[0,0],"6":[0,0],"7":[0,0]}}
,"D:\\ReactNative\\project\\Design-Playground\\Design-Playground\\src\\components\\VoiceCommand.tsx": {"path":"D:\\ReactNative\\project\\Design-Playground\\Design-Playground\\src\\components\\VoiceCommand.tsx","statementMap":{"0":{"start":{"line":12,"column":20},"end":{"line":12,"column":30}},"1":{"start":{"line":13,"column":40},"end":{"line":13,"column":55}},"2":{"start":{"line":14,"column":38},"end":{"line":14,"column":50}},"3":{"start":{"line":15,"column":38},"end":{"line":15,"column":49}},"4":{"start":{"line":16,"column":20},"end":{"line":16,"column":57}},"5":{"start":{"line":18,"column":25},"end":{"line":55,"column":28}},"6":{"start":{"line":19,"column":4},"end":{"line":19,"column":25}},"7":{"start":{"line":22,"column":25},"end":{"line":27,"column":5}},"8":{"start":{"line":30,"column":18},"end":{"line":43,"column":5}},"9":{"start":{"line":44,"column":4},"end":{"line":44,"column":18}},"10":{"start":{"line":47,"column":4},"end":{"line":54,"column":36}},"11":{"start":{"line":48,"column":22},"end":{"line":48,"column":83}},"12":{"start":{"line":49,"column":6},"end":{"line":49,"column":34}},"13":{"start":{"line":50,"column":6},"end":{"line":50,"column":40}},"14":{"start":{"line":51,"column":6},"end":{"line":51,"column":50}},"15":{"start":{"line":52,"column":6},"end":{"line":52,"column":19}},"16":{"start":{"line":53,"column":6},"end":{"line":53,"column":28}},"17":{"start":{"line":57,"column":24},"end":{"line":61,"column":8}},"18":{"start":{"line":58,"column":4},"end":{"line":58,"column":26}},"19":{"start":{"line":59,"column":4},"end":{"line":59,"column":22}},"20":{"start":{"line":60,"column":4},"end":{"line":60,"column":21}},"21":{"start":{"line":63,"column":17},"end":{"line":63,"column":33}},"22":{"start":{"line":65,"column":2},"end":{"line":71,"column":48}},"23":{"start":{"line":66,"column":4},"end":{"line":70,"column":5}},"24":{"start":{"line":67,"column":6},"end":{"line":67,"column":23}},"25":{"start":{"line":69,"column":6},"end":{"line":69,"column":22}},"26":{"start":{"line":73,"column":2},"end":{"line":73,"column":29}},"27":{"start":{"line":73,"column":17},"end":{"line":73,"column":29}},"28":{"start":{"line":75,"column":2},"end":{"line":121,"column":4}},"29":{"start":{"line":95,"column":14},"end":{"line":104,"column":16}},"30":{"start":{"line":124,"column":18},"end":{"line":181,"column":2}},"31":{"start":{"line":124,"column":36},"end":{"line":181,"column":2}}},"fnMap":{"0":{"name":"VoiceCommand","decl":{"start":{"line":11,"column":16},"end":{"line":11,"column":28}},"loc":{"start":{"line":11,"column":73},"end":{"line":122,"column":1}},"line":11},"1":{"name":"(anonymous_1)","decl":{"start":{"line":18,"column":37},"end":{"line":18,"column":38}},"loc":{"start":{"line":18,"column":43},"end":{"line":55,"column":3}},"line":18},"2":{"name":"(anonymous_2)","decl":{"start":{"line":47,"column":15},"end":{"line":47,"column":16}},"loc":{"start":{"line":47,"column":21},"end":{"line":54,"column":5}},"line":47},"3":{"name":"(anonymous_3)","decl":{"start":{"line":57,"column":36},"end":{"line":57,"column":37}},"loc":{"start":{"line":57,"column":42},"end":{"line":61,"column":3}},"line":57},"4":{"name":"(anonymous_4)","decl":{"start":{"line":65,"column":12},"end":{"line":65,"column":13}},"loc":{"start":{"line":65,"column":18},"end":{"line":71,"column":3}},"line":65},"5":{"name":"(anonymous_5)","decl":{"start":{"line":94,"column":33},"end":{"line":94,"column":34}},"loc":{"start":{"line":95,"column":14},"end":{"line":104,"column":16}},"line":95},"6":{"name":"(anonymous_6)","decl":{"start":{"line":124,"column":18},"end":{"line":124,"column":19}},"loc":{"start":{"line":124,"column":36},"end":{"line":181,"column":2}},"line":124}},"branchMap":{"0":{"loc":{"start":{"line":66,"column":4},"end":{"line":70,"column":5}},"type":"if","locations":[{"start":{"line":66,"column":4},"end":{"line":70,"column":5}},{"start":{"line":68,"column":11},"end":{"line":70,"column":5}}],"line":66},"1":{"loc":{"start":{"line":73,"column":2},"end":{"line":73,"column":29}},"type":"if","locations":[{"start":{"line":73,"column":2},"end":{"line":73,"column":29}},{"start":{},"end":{}}],"line":73},"2":{"loc":{"start":{"line":82,"column":31},"end":{"line":82,"column":101}},"type":"cond-expr","locations":[{"start":{"line":82,"column":45},"end":{"line":82,"column":70}},{"start":{"line":82,"column":73},"end":{"line":82,"column":101}}],"line":82},"3":{"loc":{"start":{"line":92,"column":9},"end":{"line":107,"column":9}},"type":"binary-expr","locations":[{"start":{"line":92,"column":9},"end":{"line":92,"column":20}},{"start":{"line":93,"column":10},"end":{"line":106,"column":17}}],"line":92},"4":{"loc":{"start":{"line":112,"column":11},"end":{"line":112,"column":39}},"type":"binary-expr","locations":[{"start":{"line":112,"column":11},"end":{"line":112,"column":21}},{"start":{"line":112,"column":25},"end":{"line":112,"column":39}}],"line":112},"5":{"loc":{"start":{"line":114,"column":9},"end":{"line":118,"column":9}},"type":"binary-expr","locations":[{"start":{"line":114,"column":9},"end":{"line":114,"column":23}},{"start":{"line":115,"column":10},"end":{"line":117,"column":17}}],"line":114}},"s":{"0":0,"1":0,"2":0,"3":0,"4":0,"5":0,"6":0,"7":0,"8":0,"9":0,"10":0,"11":0,"12":0,"13":0,"14":0,"15":0,"16":0,"17":0,"18":0,"19":0,"20":0,"21":0,"22":0,"23":0,"24":0,"25":0,"26":0,"27":0,"28":0,"29":0,"30":0,"31":0},"f":{"0":0,"1":0,"2":0,"3":0,"4":0,"5":0,"6":0},"b":{"0":[0,0],"1":[0,0],"2":[0,0],"3":[0,0],"4":[0,0],"5":[0,0]}}
,"D:\\ReactNative\\project\\Design-Playground\\Design-Playground\\src\\motion\\FadeIn.tsx": {"path":"D:\\ReactNative\\project\\Design-Playground\\Design-Playground\\src\\motion\\FadeIn.tsx","statementMap":{"0":{"start":{"line":18,"column":24},"end":{"line":18,"column":42}},"1":{"start":{"line":19,"column":18},"end":{"line":19,"column":58}},"2":{"start":{"line":20,"column":21},"end":{"line":20,"column":59}},"3":{"start":{"line":22,"column":2},"end":{"line":26,"column":9}},"4":{"start":{"line":23,"column":4},"end":{"line":23,"column":30}},"5":{"start":{"line":23,"column":23},"end":{"line":23,"column":30}},"6":{"start":{"line":24,"column":4},"end":{"line":24,"column":66}},"7":{"start":{"line":25,"column":4},"end":{"line":25,"column":69}},"8":{"start":{"line":28,"column":16},"end":{"line":31,"column":5}},"9":{"start":{"line":28,"column":40},"end":{"line":31,"column":3}},"10":{"start":{"line":33,"column":2},"end":{"line":33,"column":65}}},"fnMap":{"0":{"name":"FadeIn","decl":{"start":{"line":17,"column":16},"end":{"line":17,"column":22}},"loc":{"start":{"line":17,"column":87},"end":{"line":34,"column":1}},"line":17},"1":{"name":"(anonymous_1)","decl":{"start":{"line":22,"column":12},"end":{"line":22,"column":13}},"loc":{"start":{"line":22,"column":18},"end":{"line":26,"column":3}},"line":22},"2":{"name":"(anonymous_2)","decl":{"start":{"line":28,"column":33},"end":{"line":28,"column":34}},"loc":{"start":{"line":28,"column":40},"end":{"line":31,"column":3}},"line":28}},"branchMap":{"0":{"loc":{"start":{"line":17,"column":35},"end":{"line":17,"column":44}},"type":"default-arg","locations":[{"start":{"line":17,"column":43},"end":{"line":17,"column":44}}],"line":17},"1":{"loc":{"start":{"line":17,"column":46},"end":{"line":17,"column":60}},"type":"default-arg","locations":[{"start":{"line":17,"column":57},"end":{"line":17,"column":60}}],"line":17},"2":{"loc":{"start":{"line":17,"column":62},"end":{"line":17,"column":70}},"type":"default-arg","locations":[{"start":{"line":17,"column":69},"end":{"line":17,"column":70}}],"line":17},"3":{"loc":{"start":{"line":19,"column":33},"end":{"line":19,"column":57}},"type":"cond-expr","locations":[{"start":{"line":19,"column":49},"end":{"line":19,"column":50}},{"start":{"line":19,"column":53},"end":{"line":19,"column":57}}],"line":19},"4":{"loc":{"start":{"line":20,"column":36},"end":{"line":20,"column":58}},"type":"cond-expr","locations":[{"start":{"line":20,"column":52},"end":{"line":20,"column":53}},{"start":{"line":20,"column":56},"end":{"line":20,"column":58}}],"line":20},"5":{"loc":{"start":{"line":23,"column":4},"end":{"line":23,"column":30}},"type":"if","locations":[{"start":{"line":23,"column":4},"end":{"line":23,"column":30}},{"start":{},"end":{}}],"line":23}},"s":{"0":0,"1":0,"2":0,"3":0,"4":0,"5":0,"6":0,"7":0,"8":0,"9":0,"10":0},"f":{"0":0,"1":0,"2":0},"b":{"0":[0],"1":[0],"2":[0],"3":[0,0],"4":[0,0],"5":[0,0]}}
,"D:\\ReactNative\\project\\Design-Playground\\Design-Playground\\src\\motion\\ScalePress.tsx": {"path":"D:\\ReactNative\\project\\Design-Playground\\Design-Playground\\src\\motion\\ScalePress.tsx","statementMap":{"0":{"start":{"line":18,"column":26},"end":{"line":18,"column":69}},"1":{"start":{"line":21,"column":24},"end":{"line":21,"column":42}},"2":{"start":{"line":22,"column":21},"end":{"line":22,"column":38}},"3":{"start":{"line":24,"column":24},"end":{"line":28,"column":28}},"4":{"start":{"line":25,"column":4},"end":{"line":27,"column":5}},"5":{"start":{"line":26,"column":6},"end":{"line":26,"column":58}},"6":{"start":{"line":30,"column":25},"end":{"line":34,"column":21}},"7":{"start":{"line":31,"column":4},"end":{"line":33,"column":5}},"8":{"start":{"line":32,"column":6},"end":{"line":32,"column":54}},"9":{"start":{"line":36,"column":16},"end":{"line":38,"column":5}},"10":{"start":{"line":36,"column":40},"end":{"line":38,"column":3}},"11":{"start":{"line":40,"column":2},"end":{"line":50,"column":4}}},"fnMap":{"0":{"name":"ScalePress","decl":{"start":{"line":20,"column":16},"end":{"line":20,"column":26}},"loc":{"start":{"line":20,"column":99},"end":{"line":51,"column":1}},"line":20},"1":{"name":"(anonymous_1)","decl":{"start":{"line":24,"column":36},"end":{"line":24,"column":37}},"loc":{"start":{"line":24,"column":42},"end":{"line":28,"column":3}},"line":24},"2":{"name":"(anonymous_2)","decl":{"start":{"line":30,"column":37},"end":{"line":30,"column":38}},"loc":{"start":{"line":30,"column":43},"end":{"line":34,"column":3}},"line":30},"3":{"name":"(anonymous_3)","decl":{"start":{"line":36,"column":33},"end":{"line":36,"column":34}},"loc":{"start":{"line":36,"column":40},"end":{"line":38,"column":3}},"line":36}},"branchMap":{"0":{"loc":{"start":{"line":20,"column":48},"end":{"line":20,"column":60}},"type":"default-arg","locations":[{"start":{"line":20,"column":56},"end":{"line":20,"column":60}}],"line":20},"1":{"loc":{"start":{"line":20,"column":62},"end":{"line":20,"column":78}},"type":"default-arg","locations":[{"start":{"line":20,"column":73},"end":{"line":20,"column":78}}],"line":20},"2":{"loc":{"start":{"line":25,"column":4},"end":{"line":27,"column":5}},"type":"if","locations":[{"start":{"line":25,"column":4},"end":{"line":27,"column":5}},{"start":{},"end":{}}],"line":25},"3":{"loc":{"start":{"line":31,"column":4},"end":{"line":33,"column":5}},"type":"if","locations":[{"start":{"line":31,"column":4},"end":{"line":33,"column":5}},{"start":{},"end":{}}],"line":31}},"s":{"0":0,"1":0,"2":0,"3":0,"4":0,"5":0,"6":0,"7":0,"8":0,"9":0,"10":0,"11":0},"f":{"0":0,"1":0,"2":0,"3":0},"b":{"0":[0],"1":[0],"2":[0,0],"3":[0,0]}}
,"D:\\ReactNative\\project\\Design-Playground\\Design-Playground\\src\\motion\\SlideUp.tsx": {"path":"D:\\ReactNative\\project\\Design-Playground\\Design-Playground\\src\\motion\\SlideUp.tsx","statementMap":{"0":{"start":{"line":19,"column":24},"end":{"line":19,"column":42}},"1":{"start":{"line":20,"column":21},"end":{"line":20,"column":65}},"2":{"start":{"line":21,"column":18},"end":{"line":21,"column":55}},"3":{"start":{"line":23,"column":2},"end":{"line":27,"column":9}},"4":{"start":{"line":24,"column":4},"end":{"line":24,"column":30}},"5":{"start":{"line":24,"column":23},"end":{"line":24,"column":30}},"6":{"start":{"line":25,"column":4},"end":{"line":25,"column":70}},"7":{"start":{"line":26,"column":4},"end":{"line":26,"column":71}},"8":{"start":{"line":29,"column":16},"end":{"line":32,"column":5}},"9":{"start":{"line":29,"column":40},"end":{"line":32,"column":3}},"10":{"start":{"line":34,"column":2},"end":{"line":34,"column":65}}},"fnMap":{"0":{"name":"SlideUp","decl":{"start":{"line":18,"column":16},"end":{"line":18,"column":23}},"loc":{"start":{"line":18,"column":78},"end":{"line":35,"column":1}},"line":18},"1":{"name":"(anonymous_1)","decl":{"start":{"line":23,"column":12},"end":{"line":23,"column":13}},"loc":{"start":{"line":23,"column":18},"end":{"line":27,"column":3}},"line":23},"2":{"name":"(anonymous_2)","decl":{"start":{"line":29,"column":33},"end":{"line":29,"column":34}},"loc":{"start":{"line":29,"column":40},"end":{"line":32,"column":3}},"line":29}},"branchMap":{"0":{"loc":{"start":{"line":18,"column":36},"end":{"line":18,"column":45}},"type":"default-arg","locations":[{"start":{"line":18,"column":44},"end":{"line":18,"column":45}}],"line":18},"1":{"loc":{"start":{"line":18,"column":47},"end":{"line":18,"column":60}},"type":"default-arg","locations":[{"start":{"line":18,"column":58},"end":{"line":18,"column":60}}],"line":18},"2":{"loc":{"start":{"line":20,"column":36},"end":{"line":20,"column":64}},"type":"cond-expr","locations":[{"start":{"line":20,"column":52},"end":{"line":20,"column":53}},{"start":{"line":20,"column":56},"end":{"line":20,"column":64}}],"line":20},"3":{"loc":{"start":{"line":21,"column":33},"end":{"line":21,"column":54}},"type":"cond-expr","locations":[{"start":{"line":21,"column":49},"end":{"line":21,"column":50}},{"start":{"line":21,"column":53},"end":{"line":21,"column":54}}],"line":21},"4":{"loc":{"start":{"line":24,"column":4},"end":{"line":24,"column":30}},"type":"if","locations":[{"start":{"line":24,"column":4},"end":{"line":24,"column":30}},{"start":{},"end":{}}],"line":24}},"s":{"0":0,"1":0,"2":0,"3":0,"4":0,"5":0,"6":0,"7":0,"8":0,"9":0,"10":0},"f":{"0":0,"1":0,"2":0},"b":{"0":[0],"1":[0],"2":[0,0],"3":[0,0],"4":[0,0]}}
,"D:\\ReactNative\\project\\Design-Playground\\Design-Playground\\src\\theme\\ThemeContext.tsx": {"path":"D:\\ReactNative\\project\\Design-Playground\\Design-Playground\\src\\theme\\ThemeContext.tsx","statementMap":{"0":{"start":{"line":16,"column":68},"end":{"line":21,"column":1}},"1":{"start":{"line":23,"column":18},"end":{"line":23,"column":40}},"2":{"start":{"line":24,"column":19},"end":{"line":24,"column":42}},"3":{"start":{"line":34,"column":21},"end":{"line":34,"column":66}},"4":{"start":{"line":37,"column":23},"end":{"line":37,"column":39}},"5":{"start":{"line":38,"column":37},"end":{"line":38,"column":64}},"6":{"start":{"line":39,"column":45},"end":{"line":39,"column":72}},"7":{"start":{"line":40,"column":30},"end":{"line":40,"column":45}},"8":{"start":{"line":42,"column":2},"end":{"line":54,"column":9}},"9":{"start":{"line":43,"column":4},"end":{"line":53,"column":9}},"10":{"start":{"line":44,"column":6},"end":{"line":51,"column":16}},"11":{"start":{"line":45,"column":42},"end":{"line":48,"column":10}},"12":{"start":{"line":49,"column":8},"end":{"line":49,"column":63}},"13":{"start":{"line":49,"column":24},"end":{"line":49,"column":63}},"14":{"start":{"line":50,"column":8},"end":{"line":50,"column":58}},"15":{"start":{"line":50,"column":25},"end":{"line":50,"column":58}},"16":{"start":{"line":52,"column":6},"end":{"line":52,"column":22}},"17":{"start":{"line":56,"column":21},"end":{"line":61,"column":8}},"18":{"start":{"line":57,"column":4},"end":{"line":57,"column":24}},"19":{"start":{"line":58,"column":4},"end":{"line":60,"column":14}},"20":{"start":{"line":59,"column":6},"end":{"line":59,"column":48}},"21":{"start":{"line":63,"column":25},"end":{"line":68,"column":8}},"22":{"start":{"line":64,"column":4},"end":{"line":64,"column":31}},"23":{"start":{"line":65,"column":4},"end":{"line":67,"column":14}},"24":{"start":{"line":66,"column":6},"end":{"line":66,"column":52}},"25":{"start":{"line":70,"column":16},"end":{"line":75,"column":29}},"26":{"start":{"line":71,"column":4},"end":{"line":73,"column":5}},"27":{"start":{"line":72,"column":6},"end":{"line":72,"column":62}},"28":{"start":{"line":74,"column":4},"end":{"line":74,"column":30}},"29":{"start":{"line":77,"column":16},"end":{"line":80,"column":3}},"30":{"start":{"line":78,"column":11},"end":{"line":78,"column":70}},"31":{"start":{"line":82,"column":2},"end":{"line":82,"column":27}},"32":{"start":{"line":82,"column":15},"end":{"line":82,"column":27}},"33":{"start":{"line":84,"column":2},"end":{"line":86,"column":4}},"34":{"start":{"line":90,"column":14},"end":{"line":90,"column":38}},"35":{"start":{"line":91,"column":2},"end":{"line":91,"column":74}},"36":{"start":{"line":91,"column":12},"end":{"line":91,"column":74}},"37":{"start":{"line":92,"column":2},"end":{"line":92,"column":13}}},"fnMap":{"0":{"name":"ThemeProvider","decl":{"start":{"line":36,"column":16},"end":{"line":36,"column":29}},"loc":{"start":{"line":36,"column":69},"end":{"line":87,"column":1}},"line":36},"1":{"name":"(anonymous_1)","decl":{"start":{"line":42,"column":12},"end":{"line":42,"column":13}},"loc":{"start":{"line":42,"column":18},"end":{"line":54,"column":3}},"line":42},"2":{"name":"(anonymous_2)","decl":{"start":{"line":43,"column":5},"end":{"line":43,"column":6}},"loc":{"start":{"line":43,"column":17},"end":{"line":53,"column":5}},"line":43},"3":{"name":"(anonymous_3)","decl":{"start":{"line":56,"column":33},"end":{"line":56,"column":34}},"loc":{"start":{"line":56,"column":56},"end":{"line":61,"column":3}},"line":56},"4":{"name":"(anonymous_4)","decl":{"start":{"line":63,"column":37},"end":{"line":63,"column":38}},"loc":{"start":{"line":63,"column":62},"end":{"line":68,"column":3}},"line":63},"5":{"name":"(anonymous_5)","decl":{"start":{"line":70,"column":24},"end":{"line":70,"column":25}},"loc":{"start":{"line":70,"column":37},"end":{"line":75,"column":3}},"line":70},"6":{"name":"(anonymous_6)","decl":{"start":{"line":78,"column":4},"end":{"line":78,"column":5}},"loc":{"start":{"line":78,"column":11},"end":{"line":78,"column":70}},"line":78},"7":{"name":"useTheme","decl":{"start":{"line":89,"column":16},"end":{"line":89,"column":24}},"loc":{"start":{"line":89,"column":46},"end":{"line":93,"column":1}},"line":89}},"branchMap":{"0":{"loc":{"start":{"line":49,"column":8},"end":{"line":49,"column":63}},"type":"if","locations":[{"start":{"line":49,"column":8},"end":{"line":49,"column":63}},{"start":{},"end":{}}],"line":49},"1":{"loc":{"start":{"line":50,"column":8},"end":{"line":50,"column":58}},"type":"if","locations":[{"start":{"line":50,"column":8},"end":{"line":50,"column":58}},{"start":{},"end":{}}],"line":50},"2":{"loc":{"start":{"line":71,"column":4},"end":{"line":73,"column":5}},"type":"if","locations":[{"start":{"line":71,"column":4},"end":{"line":73,"column":5}},{"start":{},"end":{}}],"line":71},"3":{"loc":{"start":{"line":72,"column":13},"end":{"line":72,"column":61}},"type":"cond-expr","locations":[{"start":{"line":72,"column":39},"end":{"line":72,"column":48}},{"start":{"line":72,"column":51},"end":{"line":72,"column":61}}],"line":72},"4":{"loc":{"start":{"line":82,"column":2},"end":{"line":82,"column":27}},"type":"if","locations":[{"start":{"line":82,"column":2},"end":{"line":82,"column":27}},{"start":{},"end":{}}],"line":82},"5":{"loc":{"start":{"line":91,"column":2},"end":{"line":91,"column":74}},"type":"if","locations":[{"start":{"line":91,"column":2},"end":{"line":91,"column":74}},{"start":{},"end":{}}],"line":91}},"s":{"0":0,"1":0,"2":0,"3":0,"4":0,"5":0,"6":0,"7":0,"8":0,"9":0,"10":0,"11":0,"12":0,"13":0,"14":0,"15":0,"16":0,"17":0,"18":0,"19":0,"20":0,"21":0,"22":0,"23":0,"24":0,"25":0,"26":0,"27":0,"28":0,"29":0,"30":0,"31":0,"32":0,"33":0,"34":0,"35":0,"36":0,"37":0},"f":{"0":0,"1":0,"2":0,"3":0,"4":0,"5":0,"6":0,"7":0},"b":{"0":[0,0],"1":[0,0],"2":[0,0],"3":[0,0],"4":[0,0],"5":[0,0]}}
,"D:\\ReactNative\\project\\Design-Playground\\Design-Playground\\src\\tokens\\colors.ts": {"path":"D:\\ReactNative\\project\\Design-Playground\\Design-Playground\\src\\tokens\\colors.ts","statementMap":{"0":{"start":{"line":2,"column":25},"end":{"line":71,"column":10}},"1":{"start":{"line":73,"column":24},"end":{"line":85,"column":10}}},"fnMap":{},"branchMap":{},"s":{"0":0,"1":0},"f":{},"b":{}}
,"D:\\ReactNative\\project\\Design-Playground\\Design-Playground\\src\\tokens\\index.ts": {"path":"D:\\ReactNative\\project\\Design-Playground\\Design-Playground\\src\\tokens\\index.ts","statementMap":{},"fnMap":{},"branchMap":{},"s":{},"f":{},"b":{}}
,"D:\\ReactNative\\project\\Design-Playground\\Design-Playground\\src\\tokens\\motion.ts": {"path":"D:\\ReactNative\\project\\Design-Playground\\Design-Playground\\src\\tokens\\motion.ts","statementMap":{"0":{"start":{"line":2,"column":24},"end":{"line":9,"column":10}},"1":{"start":{"line":11,"column":22},"end":{"line":17,"column":10}},"2":{"start":{"line":19,"column":22},"end":{"line":40,"column":10}}},"fnMap":{},"branchMap":{},"s":{"0":0,"1":0,"2":0},"f":{},"b":{}}
,"D:\\ReactNative\\project\\Design-Playground\\Design-Playground\\src\\tokens\\radii.ts": {"path":"D:\\ReactNative\\project\\Design-Playground\\Design-Playground\\src\\tokens\\radii.ts","statementMap":{"0":{"start":{"line":2,"column":21},"end":{"line":12,"column":10}}},"fnMap":{},"branchMap":{},"s":{"0":0},"f":{},"b":{}}
,"D:\\ReactNative\\project\\Design-Playground\\Design-Playground\\src\\tokens\\shadows.ts": {"path":"D:\\ReactNative\\project\\Design-Playground\\Design-Playground\\src\\tokens\\shadows.ts","statementMap":{"0":{"start":{"line":9,"column":29},"end":{"line":52,"column":2}},"1":{"start":{"line":9,"column":51},"end":{"line":52,"column":1}}},"fnMap":{"0":{"name":"(anonymous_0)","decl":{"start":{"line":9,"column":29},"end":{"line":9,"column":30}},"loc":{"start":{"line":9,"column":51},"end":{"line":52,"column":1}},"line":9}},"branchMap":{"0":{"loc":{"start":{"line":18,"column":17},"end":{"line":18,"column":44}},"type":"cond-expr","locations":[{"start":{"line":18,"column":26},"end":{"line":18,"column":32}},{"start":{"line":18,"column":35},"end":{"line":18,"column":44}}],"line":18},"1":{"loc":{"start":{"line":20,"column":19},"end":{"line":20,"column":38}},"type":"cond-expr","locations":[{"start":{"line":20,"column":28},"end":{"line":20,"column":31}},{"start":{"line":20,"column":34},"end":{"line":20,"column":38}}],"line":20},"2":{"loc":{"start":{"line":25,"column":17},"end":{"line":25,"column":44}},"type":"cond-expr","locations":[{"start":{"line":25,"column":26},"end":{"line":25,"column":32}},{"start":{"line":25,"column":35},"end":{"line":25,"column":44}}],"line":25},"3":{"loc":{"start":{"line":27,"column":19},"end":{"line":27,"column":38}},"type":"cond-expr","locations":[{"start":{"line":27,"column":28},"end":{"line":27,"column":31}},{"start":{"line":27,"column":34},"end":{"line":27,"column":38}}],"line":27},"4":{"loc":{"start":{"line":32,"column":17},"end":{"line":32,"column":44}},"type":"cond-expr","locations":[{"start":{"line":32,"column":26},"end":{"line":32,"column":32}},{"start":{"line":32,"column":35},"end":{"line":32,"column":44}}],"line":32},"5":{"loc":{"start":{"line":34,"column":19},"end":{"line":34,"column":38}},"type":"cond-expr","locations":[{"start":{"line":34,"column":28},"end":{"line":34,"column":31}},{"start":{"line":34,"column":34},"end":{"line":34,"column":38}}],"line":34},"6":{"loc":{"start":{"line":39,"column":17},"end":{"line":39,"column":44}},"type":"cond-expr","locations":[{"start":{"line":39,"column":26},"end":{"line":39,"column":32}},{"start":{"line":39,"column":35},"end":{"line":39,"column":44}}],"line":39},"7":{"loc":{"start":{"line":41,"column":19},"end":{"line":41,"column":38}},"type":"cond-expr","locations":[{"start":{"line":41,"column":28},"end":{"line":41,"column":31}},{"start":{"line":41,"column":34},"end":{"line":41,"column":38}}],"line":41}},"s":{"0":0,"1":0},"f":{"0":0},"b":{"0":[0,0],"1":[0,0],"2":[0,0],"3":[0,0],"4":[0,0],"5":[0,0],"6":[0,0],"7":[0,0]}}
,"D:\\ReactNative\\project\\Design-Playground\\Design-Playground\\src\\tokens\\spacing.ts": {"path":"D:\\ReactNative\\project\\Design-Playground\\Design-Playground\\src\\tokens\\spacing.ts","statementMap":{"0":{"start":{"line":2,"column":23},"end":{"line":23,"column":10}}},"fnMap":{},"branchMap":{},"s":{"0":0},"f":{},"b":{}}
,"D:\\ReactNative\\project\\Design-Playground\\Design-Playground\\src\\tokens\\typography.ts": {"path":"D:\\ReactNative\\project\\Design-Playground\\Design-Playground\\src\\tokens\\typography.ts","statementMap":{"0":{"start":{"line":2,"column":26},"end":{"line":7,"column":10}},"1":{"start":{"line":9,"column":24},"end":{"line":21,"column":10}},"2":{"start":{"line":23,"column":26},"end":{"line":30,"column":10}},"3":{"start":{"line":32,"column":29},"end":{"line":39,"column":10}},"4":{"start":{"line":41,"column":26},"end":{"line":46,"column":10}}},"fnMap":{},"branchMap":{},"s":{"0":0,"1":0,"2":0,"3":0,"4":0},"f":{},"b":{}}
}
